Using pre-set license
Built from '2021.3/staging' branch; Version is '2021.3.6f1 (7da38d85baf6) revision 8233869'; Using compiler version '192829333'; Build Type 'Release'
OS: 'Windows 10  (10.0.19044) 64bit Core' Language: 'en' Physical Memory: 32714 MB
BatchMode: 1, IsHumanControllingUs: 0, StartBugReporterOnCrash: 0, Is64bit: 1, IsPro: 1

COMMAND LINE ARGUMENTS:
D:\2021.3.6f1\Editor\Unity.exe
-adb2
-batchMode
-noUpm
-name
AssetImportWorker4
-projectPath
D:/Uni/GAD181/22T3_GAD181.2_Samantha_Murphy/GAD181.2_Samantha_Murphy
-logFile
Logs/AssetImportWorker4.log
-srvPort
50912
Successfully changed project path to: D:/Uni/GAD181/22T3_GAD181.2_Samantha_Murphy/GAD181.2_Samantha_Murphy
D:/Uni/GAD181/22T3_GAD181.2_Samantha_Murphy/GAD181.2_Samantha_Murphy
[UnityMemory] Configuration Parameters - Can be set up in boot.config
    "memorysetup-bucket-allocator-granularity=16"
    "memorysetup-bucket-allocator-bucket-count=8"
    "memorysetup-bucket-allocator-block-size=33554432"
    "memorysetup-bucket-allocator-block-count=8"
    "memorysetup-main-allocator-block-size=16777216"
    "memorysetup-thread-allocator-block-size=16777216"
    "memorysetup-gfx-main-allocator-block-size=16777216"
    "memorysetup-gfx-thread-allocator-block-size=16777216"
    "memorysetup-cache-allocator-block-size=4194304"
    "memorysetup-typetree-allocator-block-size=2097152"
    "memorysetup-profiler-bucket-allocator-granularity=16"
    "memorysetup-profiler-bucket-allocator-bucket-count=8"
    "memorysetup-profiler-bucket-allocator-block-size=33554432"
    "memorysetup-profiler-bucket-allocator-block-count=8"
    "memorysetup-profiler-allocator-block-size=16777216"
    "memorysetup-profiler-editor-allocator-block-size=1048576"
    "memorysetup-temp-allocator-size-main=16777216"
    "memorysetup-job-temp-allocator-block-size=2097152"
    "memorysetup-job-temp-allocator-block-size-background=1048576"
    "memorysetup-job-temp-allocator-reduction-small-platforms=262144"
    "memorysetup-temp-allocator-size-background-worker=32768"
    "memorysetup-temp-allocator-size-job-worker=262144"
    "memorysetup-temp-allocator-size-preload-manager=33554432"
    "memorysetup-temp-allocator-size-nav-mesh-worker=65536"
    "memorysetup-temp-allocator-size-audio-worker=65536"
    "memorysetup-temp-allocator-size-cloud-worker=32768"
    "memorysetup-temp-allocator-size-gi-baking-worker=262144"
    "memorysetup-temp-allocator-size-gfx=262144"
Refreshing native plugins compatible for Editor in 88.79 ms, found 3 plugins.
Preloading 0 native plugins for Editor in 0.00 ms.
Initialize engine version: 2021.3.6f1 (7da38d85baf6)
[Subsystems] Discovering subsystems at path D:/2021.3.6f1/Editor/Data/Resources/UnitySubsystems
[Subsystems] Discovering subsystems at path D:/Uni/GAD181/22T3_GAD181.2_Samantha_Murphy/GAD181.2_Samantha_Murphy/Assets
GfxDevice: creating device client; threaded=0; jobified=0
Direct3D:
    Version:  Direct3D 11.0 [level 11.1]
    Renderer: AMD Radeon RX 5700 XT (ID=0x731f)
    Vendor:   ATI
    VRAM:     8151 MB
    Driver:   30.0.13023.4001
Initialize mono
Mono path[0] = 'D:/2021.3.6f1/Editor/Data/Managed'
Mono path[1] = 'D:/2021.3.6f1/Editor/Data/MonoBleedingEdge/lib/mono/unityjit-win32'
Mono config path = 'D:/2021.3.6f1/Editor/Data/MonoBleedingEdge/etc'
Using monoOptions --debugger-agent=transport=dt_socket,embedding=1,server=y,suspend=n,address=127.0.0.1:56360
Begin MonoManager ReloadAssembly
Registering precompiled unity dll's ...
Register platform support module: D:/2021.3.6f1/Editor/Data/PlaybackEngines/WebGLSupport/UnityEditor.WebGL.Extensions.dll
Register platform support module: D:/2021.3.6f1/Editor/Data/PlaybackEngines/WindowsStandaloneSupport/UnityEditor.WindowsStandalone.Extensions.dll
Registered in 0.002879 seconds.
Native extension for WindowsStandalone target not found
Native extension for WebGL target not found
Refreshing native plugins compatible for Editor in 88.82 ms, found 3 plugins.
Preloading 0 native plugins for Editor in 0.00 ms.
Mono: successfully reloaded assembly
- Completed reload, in  0.558 seconds
Domain Reload Profiling:
	ReloadAssembly (559ms)
		BeginReloadAssembly (57ms)
			ExecutionOrderSort (0ms)
			DisableScriptedObjects (0ms)
			BackupInstance (0ms)
			ReleaseScriptingObjects (0ms)
			CreateAndSetChildDomain (1ms)
		EndReloadAssembly (411ms)
			LoadAssemblies (56ms)
			RebuildTransferFunctionScriptingTraits (0ms)
			SetupTypeCache (90ms)
			ReleaseScriptCaches (0ms)
			RebuildScriptCaches (23ms)
			SetupLoadedEditorAssemblies (259ms)
				LogAssemblyErrors (0ms)
				InitializePlatformSupportModulesInManaged (6ms)
				SetLoadedEditorAssemblies (0ms)
				RefreshPlugins (89ms)
				BeforeProcessingInitializeOnLoad (1ms)
				ProcessInitializeOnLoadAttributes (123ms)
				ProcessInitializeOnLoadMethodAttributes (39ms)
				AfterProcessingInitializeOnLoad (0ms)
				EditorAssembliesLoaded (0ms)
			ExecutionOrderSort2 (0ms)
			AwakeInstancesAfterBackupRestoration (0ms)
Platform modules already initialized, skipping
Registering precompiled user dll's ...
Registered in 0.004613 seconds.
Begin MonoManager ReloadAssembly
Symbol file LoadedFromMemory doesn't match image D:\Uni\GAD181\22T3_GAD181.2_Samantha_Murphy\GAD181.2_Samantha_Murphy\Library\PackageCache\com.unity.visualscripting@1.7.8\Editor\VisualScripting.Core\Dependencies\YamlDotNet\Unity.VisualScripting.YamlDotNet.dll
Symbol file LoadedFromMemory doesn't match image D:\Uni\GAD181\22T3_GAD181.2_Samantha_Murphy\GAD181.2_Samantha_Murphy\Library\PackageCache\com.unity.visualscripting@1.7.8\Editor\VisualScripting.Core\Dependencies\DotNetZip\Unity.VisualScripting.IonicZip.dll
Native extension for WindowsStandalone target not found
Native extension for WebGL target not found
Refreshing native plugins compatible for Editor in 101.96 ms, found 3 plugins.
Preloading 0 native plugins for Editor in 0.00 ms.
Mono: successfully reloaded assembly
- Completed reload, in  1.073 seconds
Domain Reload Profiling:
	ReloadAssembly (1074ms)
		BeginReloadAssembly (88ms)
			ExecutionOrderSort (0ms)
			DisableScriptedObjects (5ms)
			BackupInstance (0ms)
			ReleaseScriptingObjects (0ms)
			CreateAndSetChildDomain (17ms)
		EndReloadAssembly (894ms)
			LoadAssemblies (60ms)
			RebuildTransferFunctionScriptingTraits (0ms)
			SetupTypeCache (239ms)
			ReleaseScriptCaches (1ms)
			RebuildScriptCaches (49ms)
			SetupLoadedEditorAssemblies (506ms)
				LogAssemblyErrors (0ms)
				InitializePlatformSupportModulesInManaged (3ms)
				SetLoadedEditorAssemblies (0ms)
				RefreshPlugins (102ms)
				BeforeProcessingInitializeOnLoad (90ms)
				ProcessInitializeOnLoadAttributes (277ms)
				ProcessInitializeOnLoadMethodAttributes (30ms)
				AfterProcessingInitializeOnLoad (3ms)
				EditorAssembliesLoaded (0ms)
			ExecutionOrderSort2 (0ms)
			AwakeInstancesAfterBackupRestoration (7ms)
Platform modules already initialized, skipping
========================================================================
Worker process is ready to serve import requests
Launched and connected shader compiler UnityShaderCompiler.exe after 0.07 seconds
Refreshing native plugins compatible for Editor in 0.84 ms, found 3 plugins.
Preloading 0 native plugins for Editor in 0.00 ms.
Unloading 3909 Unused Serialized files (Serialized files now loaded: 0)
Unloading 44 unused Assets / (182.2 KB). Loaded Objects now: 4370.
Memory consumption went from 139.3 MB to 139.1 MB.
Total: 3.227900 ms (FindLiveObjects: 0.342500 ms CreateObjectMapping: 0.090800 ms MarkObjects: 2.678000 ms  DeleteObjects: 0.115600 ms)

AssetImportParameters requested are different than current active one (requested -> active):
  custom:video-decoder-ogg-theora: a1e56fd34408186e4bbccfd4996cb3dc -> 
  custom:container-muxer-webm: aa71ff27fc2769a1b78a27578f13a17b -> 
  custom:container-demuxer-webm: 4f35f7cbe854078d1ac9338744f61a02 -> 
  custom:video-encoder-webm-vp8: eb34c28f22e8b96e1ab97ce403110664 -> 
  custom:video-codec-MediaFoundation-h265: e54d7ab0439102e2317fc1e4b246158d -> 
  custom:audio-encoder-webm-vorbis: bf7c407c2cedff20999df2af8eb42d56 -> 
  custom:framework-win-MediaFoundation: 216162199b28c13a410421893ffa2e32 -> 
  custom:container-demuxer-ogg: 62fdf1f143b41e24485cea50d1cbac27 -> 
  custom:video-decoder-webm-vp8: 9c59270c3fd7afecdb556c50c9e8de78 -> 
  custom:audio-decoder-ogg-vorbis: bf7c407c2cedff20999df2af8eb42d56 -> 
========================================================================
Received Import Request.
  Time since last request: 1829.827047 seconds.
  path: Assets/ObstacleCoursePack/Controller
  artifactKey: Guid(40420f3066d64694ca3869bec10f72fd) Importer(815301076,1909f56bfc062723c751e8b465ee728b)
Start importing Assets/ObstacleCoursePack/Controller using Guid(40420f3066d64694ca3869bec10f72fd) Importer(815301076,1909f56bfc062723c751e8b465ee728b)  -> (artifact id: '6767ff9321951012087b6f96ff0423b3') in 0.010487 seconds 
========================================================================
Received Import Request.
  Time since last request: 0.054700 seconds.
  path: Assets/ObstacleCoursePack/Controller/Camera Holder.prefab
  artifactKey: Guid(74fe7eed3ad8ec84bb8770355f363fda) Importer(815301076,1909f56bfc062723c751e8b465ee728b)
Start importing Assets/ObstacleCoursePack/Controller/Camera Holder.prefab using Guid(74fe7eed3ad8ec84bb8770355f363fda) Importer(815301076,1909f56bfc062723c751e8b465ee728b)  -> (artifact id: 'f59aff0f695e7516b8fc1310d5c482f1') in 0.040587 seconds 
========================================================================
Received Prepare
Registering precompiled user dll's ...
Registered in 0.003823 seconds.
Begin MonoManager ReloadAssembly
Symbol file LoadedFromMemory doesn't match image D:\Uni\GAD181\22T3_GAD181.2_Samantha_Murphy\GAD181.2_Samantha_Murphy\Library\PackageCache\com.unity.visualscripting@1.7.8\Editor\VisualScripting.Core\Dependencies\YamlDotNet\Unity.VisualScripting.YamlDotNet.dll
Symbol file LoadedFromMemory doesn't match image D:\Uni\GAD181\22T3_GAD181.2_Samantha_Murphy\GAD181.2_Samantha_Murphy\Library\PackageCache\com.unity.visualscripting@1.7.8\Editor\VisualScripting.Core\Dependencies\DotNetZip\Unity.VisualScripting.IonicZip.dll
Native extension for WindowsStandalone target not found
Native extension for WebGL target not found
Refreshing native plugins compatible for Editor in 1.22 ms, found 3 plugins.
Preloading 0 native plugins for Editor in 0.00 ms.
Mono: successfully reloaded assembly
- Completed reload, in  1.077 seconds
Domain Reload Profiling:
	ReloadAssembly (1078ms)
		BeginReloadAssembly (131ms)
			ExecutionOrderSort (0ms)
			DisableScriptedObjects (4ms)
			BackupInstance (0ms)
			ReleaseScriptingObjects (0ms)
			CreateAndSetChildDomain (42ms)
		EndReloadAssembly (859ms)
			LoadAssemblies (76ms)
			RebuildTransferFunctionScriptingTraits (0ms)
			SetupTypeCache (275ms)
			ReleaseScriptCaches (1ms)
			RebuildScriptCaches (46ms)
			SetupLoadedEditorAssemblies (417ms)
				LogAssemblyErrors (0ms)
				InitializePlatformSupportModulesInManaged (12ms)
				SetLoadedEditorAssemblies (0ms)
				RefreshPlugins (1ms)
				BeforeProcessingInitializeOnLoad (66ms)
				ProcessInitializeOnLoadAttributes (290ms)
				ProcessInitializeOnLoadMethodAttributes (43ms)
				AfterProcessingInitializeOnLoad (3ms)
				EditorAssembliesLoaded (0ms)
			ExecutionOrderSort2 (0ms)
			AwakeInstancesAfterBackupRestoration (7ms)
Platform modules already initialized, skipping
Refreshing native plugins compatible for Editor in 1.88 ms, found 3 plugins.
Preloading 0 native plugins for Editor in 0.00 ms.
Unloading 3902 Unused Serialized files (Serialized files now loaded: 0)
Unloading 23 unused Assets / (149.6 KB). Loaded Objects now: 4385.
Memory consumption went from 139.0 MB to 138.8 MB.
Total: 3.028800 ms (FindLiveObjects: 0.349900 ms CreateObjectMapping: 0.084000 ms MarkObjects: 2.477900 ms  DeleteObjects: 0.115900 ms)

AssetImportParameters requested are different than current active one (requested -> active):
  custom:video-decoder-ogg-theora: a1e56fd34408186e4bbccfd4996cb3dc -> 
  custom:container-muxer-webm: aa71ff27fc2769a1b78a27578f13a17b -> 
  custom:container-demuxer-webm: 4f35f7cbe854078d1ac9338744f61a02 -> 
  custom:video-encoder-webm-vp8: eb34c28f22e8b96e1ab97ce403110664 -> 
  custom:video-codec-MediaFoundation-h265: e54d7ab0439102e2317fc1e4b246158d -> 
  custom:audio-encoder-webm-vorbis: bf7c407c2cedff20999df2af8eb42d56 -> 
  custom:framework-win-MediaFoundation: 216162199b28c13a410421893ffa2e32 -> 
  custom:container-demuxer-ogg: 62fdf1f143b41e24485cea50d1cbac27 -> 
  custom:video-decoder-webm-vp8: 9c59270c3fd7afecdb556c50c9e8de78 -> 
  custom:audio-decoder-ogg-vorbis: bf7c407c2cedff20999df2af8eb42d56 -> 
========================================================================
Received Prepare
Registering precompiled user dll's ...
Registered in 0.004071 seconds.
Begin MonoManager ReloadAssembly
Symbol file LoadedFromMemory doesn't match image D:\Uni\GAD181\22T3_GAD181.2_Samantha_Murphy\GAD181.2_Samantha_Murphy\Library\PackageCache\com.unity.visualscripting@1.7.8\Editor\VisualScripting.Core\Dependencies\YamlDotNet\Unity.VisualScripting.YamlDotNet.dll
Symbol file LoadedFromMemory doesn't match image D:\Uni\GAD181\22T3_GAD181.2_Samantha_Murphy\GAD181.2_Samantha_Murphy\Library\PackageCache\com.unity.visualscripting@1.7.8\Editor\VisualScripting.Core\Dependencies\DotNetZip\Unity.VisualScripting.IonicZip.dll
Native extension for WindowsStandalone target not found
Native extension for WebGL target not found
Refreshing native plugins compatible for Editor in 1.15 ms, found 3 plugins.
Preloading 0 native plugins for Editor in 0.00 ms.
Mono: successfully reloaded assembly
- Completed reload, in  0.991 seconds
Domain Reload Profiling:
	ReloadAssembly (992ms)
		BeginReloadAssembly (113ms)
			ExecutionOrderSort (0ms)
			DisableScriptedObjects (4ms)
			BackupInstance (0ms)
			ReleaseScriptingObjects (0ms)
			CreateAndSetChildDomain (36ms)
		EndReloadAssembly (796ms)
			LoadAssemblies (63ms)
			RebuildTransferFunctionScriptingTraits (0ms)
			SetupTypeCache (247ms)
			ReleaseScriptCaches (1ms)
			RebuildScriptCaches (42ms)
			SetupLoadedEditorAssemblies (393ms)
				LogAssemblyErrors (0ms)
				InitializePlatformSupportModulesInManaged (11ms)
				SetLoadedEditorAssemblies (0ms)
				RefreshPlugins (1ms)
				BeforeProcessingInitializeOnLoad (59ms)
				ProcessInitializeOnLoadAttributes (275ms)
				ProcessInitializeOnLoadMethodAttributes (42ms)
				AfterProcessingInitializeOnLoad (3ms)
				EditorAssembliesLoaded (0ms)
			ExecutionOrderSort2 (0ms)
			AwakeInstancesAfterBackupRestoration (8ms)
Platform modules already initialized, skipping
Refreshing native plugins compatible for Editor in 1.86 ms, found 3 plugins.
Preloading 0 native plugins for Editor in 0.00 ms.
Unloading 3902 Unused Serialized files (Serialized files now loaded: 0)
Unloading 23 unused Assets / (149.6 KB). Loaded Objects now: 4400.
Memory consumption went from 139.0 MB to 138.8 MB.
Total: 3.535200 ms (FindLiveObjects: 0.358600 ms CreateObjectMapping: 0.083500 ms MarkObjects: 2.966600 ms  DeleteObjects: 0.125100 ms)

AssetImportParameters requested are different than current active one (requested -> active):
  custom:video-decoder-ogg-theora: a1e56fd34408186e4bbccfd4996cb3dc -> 
  custom:container-muxer-webm: aa71ff27fc2769a1b78a27578f13a17b -> 
  custom:container-demuxer-webm: 4f35f7cbe854078d1ac9338744f61a02 -> 
  custom:video-encoder-webm-vp8: eb34c28f22e8b96e1ab97ce403110664 -> 
  custom:video-codec-MediaFoundation-h265: e54d7ab0439102e2317fc1e4b246158d -> 
  custom:audio-encoder-webm-vorbis: bf7c407c2cedff20999df2af8eb42d56 -> 
  custom:framework-win-MediaFoundation: 216162199b28c13a410421893ffa2e32 -> 
  custom:container-demuxer-ogg: 62fdf1f143b41e24485cea50d1cbac27 -> 
  custom:video-decoder-webm-vp8: 9c59270c3fd7afecdb556c50c9e8de78 -> 
  custom:audio-decoder-ogg-vorbis: bf7c407c2cedff20999df2af8eb42d56 -> 
========================================================================
Received Prepare
Registering precompiled user dll's ...
Registered in 0.005499 seconds.
Begin MonoManager ReloadAssembly
Symbol file LoadedFromMemory doesn't match image D:\Uni\GAD181\22T3_GAD181.2_Samantha_Murphy\GAD181.2_Samantha_Murphy\Library\PackageCache\com.unity.visualscripting@1.7.8\Editor\VisualScripting.Core\Dependencies\YamlDotNet\Unity.VisualScripting.YamlDotNet.dll
Symbol file LoadedFromMemory doesn't match image D:\Uni\GAD181\22T3_GAD181.2_Samantha_Murphy\GAD181.2_Samantha_Murphy\Library\PackageCache\com.unity.visualscripting@1.7.8\Editor\VisualScripting.Core\Dependencies\DotNetZip\Unity.VisualScripting.IonicZip.dll
Native extension for WindowsStandalone target not found
Native extension for WebGL target not found
Refreshing native plugins compatible for Editor in 1.00 ms, found 3 plugins.
Preloading 0 native plugins for Editor in 0.00 ms.
Mono: successfully reloaded assembly
- Completed reload, in  0.997 seconds
Domain Reload Profiling:
	ReloadAssembly (998ms)
		BeginReloadAssembly (116ms)
			ExecutionOrderSort (0ms)
			DisableScriptedObjects (4ms)
			BackupInstance (0ms)
			ReleaseScriptingObjects (0ms)
			CreateAndSetChildDomain (33ms)
		EndReloadAssembly (796ms)
			LoadAssemblies (69ms)
			RebuildTransferFunctionScriptingTraits (0ms)
			SetupTypeCache (259ms)
			ReleaseScriptCaches (1ms)
			RebuildScriptCaches (41ms)
			SetupLoadedEditorAssemblies (383ms)
				LogAssemblyErrors (0ms)
				InitializePlatformSupportModulesInManaged (11ms)
				SetLoadedEditorAssemblies (0ms)
				RefreshPlugins (1ms)
				BeforeProcessingInitializeOnLoad (61ms)
				ProcessInitializeOnLoadAttributes (266ms)
				ProcessInitializeOnLoadMethodAttributes (41ms)
				AfterProcessingInitializeOnLoad (3ms)
				EditorAssembliesLoaded (0ms)
			ExecutionOrderSort2 (0ms)
			AwakeInstancesAfterBackupRestoration (7ms)
Platform modules already initialized, skipping
Refreshing native plugins compatible for Editor in 1.86 ms, found 3 plugins.
Preloading 0 native plugins for Editor in 0.00 ms.
Unloading 3902 Unused Serialized files (Serialized files now loaded: 0)
Unloading 23 unused Assets / (149.6 KB). Loaded Objects now: 4415.
Memory consumption went from 139.0 MB to 138.8 MB.
Total: 3.555600 ms (FindLiveObjects: 0.335300 ms CreateObjectMapping: 0.083900 ms MarkObjects: 3.022500 ms  DeleteObjects: 0.113100 ms)

AssetImportParameters requested are different than current active one (requested -> active):
  custom:video-decoder-ogg-theora: a1e56fd34408186e4bbccfd4996cb3dc -> 
  custom:container-muxer-webm: aa71ff27fc2769a1b78a27578f13a17b -> 
  custom:container-demuxer-webm: 4f35f7cbe854078d1ac9338744f61a02 -> 
  custom:video-encoder-webm-vp8: eb34c28f22e8b96e1ab97ce403110664 -> 
  custom:video-codec-MediaFoundation-h265: e54d7ab0439102e2317fc1e4b246158d -> 
  custom:audio-encoder-webm-vorbis: bf7c407c2cedff20999df2af8eb42d56 -> 
  custom:framework-win-MediaFoundation: 216162199b28c13a410421893ffa2e32 -> 
  custom:container-demuxer-ogg: 62fdf1f143b41e24485cea50d1cbac27 -> 
  custom:video-decoder-webm-vp8: 9c59270c3fd7afecdb556c50c9e8de78 -> 
  custom:audio-decoder-ogg-vorbis: bf7c407c2cedff20999df2af8eb42d56 -> 
========================================================================
Received Import Request.
  Time since last request: 266.068774 seconds.
  path: Assets/LiquidFire Package 4 - BSH games/Devtoid - Gold Coins/3D Assets/Gold Coin - Single
  artifactKey: Guid(67a0cdeed9cb4a74296b79b7738c4355) Importer(815301076,1909f56bfc062723c751e8b465ee728b)
Start importing Assets/LiquidFire Package 4 - BSH games/Devtoid - Gold Coins/3D Assets/Gold Coin - Single using Guid(67a0cdeed9cb4a74296b79b7738c4355) Importer(815301076,1909f56bfc062723c751e8b465ee728b)  -> (artifact id: '3301ec654076f9189c3019f6b2126b88') in 0.011266 seconds 
========================================================================
Received Import Request.
  Time since last request: 8.452232 seconds.
  path: Assets/LiquidFire Package 4 - BSH games/Devtoid - Gold Coins/3D Assets/Gold Coins
  artifactKey: Guid(1bcaafd859cea374bb902d400f9f26f4) Importer(815301076,1909f56bfc062723c751e8b465ee728b)
Start importing Assets/LiquidFire Package 4 - BSH games/Devtoid - Gold Coins/3D Assets/Gold Coins using Guid(1bcaafd859cea374bb902d400f9f26f4) Importer(815301076,1909f56bfc062723c751e8b465ee728b)  -> (artifact id: '402085c80c5b6c20a8bbaaed869fe70e') in 0.004764 seconds 
========================================================================
Received Import Request.
  Time since last request: 1.072770 seconds.
  path: Assets/LiquidFire Package 4 - BSH games/Devtoid - Gold Coins/3D Assets/Gold Coins/Mesh
  artifactKey: Guid(173804d8e225bd946ad82e4872899c37) Importer(815301076,1909f56bfc062723c751e8b465ee728b)
Start importing Assets/LiquidFire Package 4 - BSH games/Devtoid - Gold Coins/3D Assets/Gold Coins/Mesh using Guid(173804d8e225bd946ad82e4872899c37) Importer(815301076,1909f56bfc062723c751e8b465ee728b)  -> (artifact id: '6a676afa354eb4dc72318f00cc2aeea8') in 0.004357 seconds 
========================================================================
Received Import Request.
  Time since last request: 22.373267 seconds.
  path: Assets/LiquidFire Package 4 - BSH games
  artifactKey: Guid(9a0518044b008724fa8f29dbcfedef74) Importer(815301076,1909f56bfc062723c751e8b465ee728b)
Start importing Assets/LiquidFire Package 4 - BSH games using Guid(9a0518044b008724fa8f29dbcfedef74) Importer(815301076,1909f56bfc062723c751e8b465ee728b)  -> (artifact id: '7909bf65b99156772d066a988461a527') in 0.004306 seconds 
========================================================================
Received Import Request.
  Time since last request: 5.866972 seconds.
  path: Assets/LiquidFire Package 4 - BSH games/Devtoid - Gold Coins/3D Assets
  artifactKey: Guid(f440d3ea3c5057b42a019bccdb3229dd) Importer(815301076,1909f56bfc062723c751e8b465ee728b)
Start importing Assets/LiquidFire Package 4 - BSH games/Devtoid - Gold Coins/3D Assets using Guid(f440d3ea3c5057b42a019bccdb3229dd) Importer(815301076,1909f56bfc062723c751e8b465ee728b)  -> (artifact id: 'd3494bea3382a8ceaf4f64a24a86ca7e') in 0.004262 seconds 
========================================================================
Received Import Request.
  Time since last request: 0.028958 seconds.
  path: Assets/LiquidFire Package 4 - BSH games/Devtoid - Gold Coins/3D Assets/Cold, Silver, Copper Coins.prefab
  artifactKey: Guid(d65c5544ceb166e42ba2c0035400520e) Importer(815301076,1909f56bfc062723c751e8b465ee728b)
Start importing Assets/LiquidFire Package 4 - BSH games/Devtoid - Gold Coins/3D Assets/Cold, Silver, Copper Coins.prefab using Guid(d65c5544ceb166e42ba2c0035400520e) Importer(815301076,1909f56bfc062723c751e8b465ee728b)  -> (artifact id: '8cb6468d78f344f7670c00cbfc6458ec') in 0.105747 seconds 
========================================================================
Received Import Request.
  Time since last request: 1.441593 seconds.
  path: Assets/LiquidFire Package 4 - BSH games/Devtoid - Gold Coins/3D Assets/Gold Coin - Single
  artifactKey: Guid(35959055546c8a3469881e48bd2ad7ab) Importer(815301076,1909f56bfc062723c751e8b465ee728b)
Start importing Assets/LiquidFire Package 4 - BSH games/Devtoid - Gold Coins/3D Assets/Gold Coin - Single using Guid(35959055546c8a3469881e48bd2ad7ab) Importer(815301076,1909f56bfc062723c751e8b465ee728b)  -> (artifact id: '3810a3f289376ea3d85a8b0494b2e86e') in 0.001406 seconds 
========================================================================
Received Import Request.
  Time since last request: 1.082296 seconds.
  path: Assets/LiquidFire Package 4 - BSH games/Devtoid - Gold Coins/3D Assets/Gold Coin - Single/Prefab
  artifactKey: Guid(c968d11302453e347b259ffb165f6019) Importer(815301076,1909f56bfc062723c751e8b465ee728b)
Start importing Assets/LiquidFire Package 4 - BSH games/Devtoid - Gold Coins/3D Assets/Gold Coin - Single/Prefab using Guid(c968d11302453e347b259ffb165f6019) Importer(815301076,1909f56bfc062723c751e8b465ee728b)  -> (artifact id: 'fed04a265aa4aff6d441c038d08242eb') in 0.004361 seconds 
========================================================================
Received Import Request.
  Time since last request: 0.051329 seconds.
  path: Assets/LiquidFire Package 4 - BSH games/Devtoid - Gold Coins/3D Assets/Gold Coin - Single/Prefab/GoldCoin.prefab
  artifactKey: Guid(fa2c57d3f28a5e6419393e8bc3eeb32a) Importer(815301076,1909f56bfc062723c751e8b465ee728b)
Start importing Assets/LiquidFire Package 4 - BSH games/Devtoid - Gold Coins/3D Assets/Gold Coin - Single/Prefab/GoldCoin.prefab using Guid(fa2c57d3f28a5e6419393e8bc3eeb32a) Importer(815301076,1909f56bfc062723c751e8b465ee728b)  -> (artifact id: '914f3dadd1bec021d76f641cda22fd4a') in 0.015980 seconds 
========================================================================
Received Prepare
Registering precompiled user dll's ...
Registered in 0.003857 seconds.
Begin MonoManager ReloadAssembly
Symbol file LoadedFromMemory doesn't match image D:\Uni\GAD181\22T3_GAD181.2_Samantha_Murphy\GAD181.2_Samantha_Murphy\Library\PackageCache\com.unity.visualscripting@1.7.8\Editor\VisualScripting.Core\Dependencies\YamlDotNet\Unity.VisualScripting.YamlDotNet.dll
Symbol file LoadedFromMemory doesn't match image D:\Uni\GAD181\22T3_GAD181.2_Samantha_Murphy\GAD181.2_Samantha_Murphy\Library\PackageCache\com.unity.visualscripting@1.7.8\Editor\VisualScripting.Core\Dependencies\DotNetZip\Unity.VisualScripting.IonicZip.dll
Native extension for WindowsStandalone target not found
Native extension for WebGL target not found
Refreshing native plugins compatible for Editor in 0.83 ms, found 3 plugins.
Preloading 0 native plugins for Editor in 0.00 ms.
Mono: successfully reloaded assembly
- Completed reload, in  0.914 seconds
Domain Reload Profiling:
	ReloadAssembly (914ms)
		BeginReloadAssembly (115ms)
			ExecutionOrderSort (0ms)
			DisableScriptedObjects (4ms)
			BackupInstance (0ms)
			ReleaseScriptingObjects (0ms)
			CreateAndSetChildDomain (36ms)
		EndReloadAssembly (721ms)
			LoadAssemblies (64ms)
			RebuildTransferFunctionScriptingTraits (0ms)
			SetupTypeCache (235ms)
			ReleaseScriptCaches (1ms)
			RebuildScriptCaches (38ms)
			SetupLoadedEditorAssemblies (341ms)
				LogAssemblyErrors (0ms)
				InitializePlatformSupportModulesInManaged (11ms)
				SetLoadedEditorAssemblies (0ms)
				RefreshPlugins (1ms)
				BeforeProcessingInitializeOnLoad (53ms)
				ProcessInitializeOnLoadAttributes (232ms)
				ProcessInitializeOnLoadMethodAttributes (42ms)
				AfterProcessingInitializeOnLoad (2ms)
				EditorAssembliesLoaded (0ms)
			ExecutionOrderSort2 (0ms)
			AwakeInstancesAfterBackupRestoration (6ms)
Platform modules already initialized, skipping
Refreshing native plugins compatible for Editor in 1.73 ms, found 3 plugins.
Preloading 0 native plugins for Editor in 0.00 ms.
Unloading 3903 Unused Serialized files (Serialized files now loaded: 0)
Unloading 23 unused Assets / (149.8 KB). Loaded Objects now: 4437.
Memory consumption went from 143.8 MB to 143.7 MB.
Total: 3.039800 ms (FindLiveObjects: 0.319200 ms CreateObjectMapping: 0.086800 ms MarkObjects: 2.438600 ms  DeleteObjects: 0.194200 ms)

AssetImportParameters requested are different than current active one (requested -> active):
  custom:video-decoder-ogg-theora: a1e56fd34408186e4bbccfd4996cb3dc -> 
  custom:container-muxer-webm: aa71ff27fc2769a1b78a27578f13a17b -> 
  custom:container-demuxer-webm: 4f35f7cbe854078d1ac9338744f61a02 -> 
  custom:video-encoder-webm-vp8: eb34c28f22e8b96e1ab97ce403110664 -> 
  custom:video-codec-MediaFoundation-h265: e54d7ab0439102e2317fc1e4b246158d -> 
  custom:audio-encoder-webm-vorbis: bf7c407c2cedff20999df2af8eb42d56 -> 
  custom:framework-win-MediaFoundation: 216162199b28c13a410421893ffa2e32 -> 
  custom:container-demuxer-ogg: 62fdf1f143b41e24485cea50d1cbac27 -> 
  custom:video-decoder-webm-vp8: 9c59270c3fd7afecdb556c50c9e8de78 -> 
  custom:audio-decoder-ogg-vorbis: bf7c407c2cedff20999df2af8eb42d56 -> 
========================================================================
Received Import Request.
  Time since last request: 289.036324 seconds.
  path: Assets/SimpleCollectiblesPack
  artifactKey: Guid(b0537ca3115edc6459cff353723d536e) Importer(815301076,1909f56bfc062723c751e8b465ee728b)
Start importing Assets/SimpleCollectiblesPack using Guid(b0537ca3115edc6459cff353723d536e) Importer(815301076,1909f56bfc062723c751e8b465ee728b)  -> (artifact id: 'c222a8bcdea70175825736456447a085') in 0.009908 seconds 
========================================================================
Received Import Request.
  Time since last request: 1.481138 seconds.
  path: Assets/SimpleCollectiblesPack/SimpleCollectibleScript.cs
  artifactKey: Guid(1315172d7ad53634e952f7d8f3c02048) Importer(815301076,1909f56bfc062723c751e8b465ee728b)
Start importing Assets/SimpleCollectiblesPack/SimpleCollectibleScript.cs using Guid(1315172d7ad53634e952f7d8f3c02048) Importer(815301076,1909f56bfc062723c751e8b465ee728b)  -> (artifact id: '622685efaeec11f3fe002bb2484219e6') in 0.012326 seconds 
========================================================================
Received Import Request.
  Time since last request: 2.169742 seconds.
  path: Assets/SimpleCollectiblesPack/Prefabs
  artifactKey: Guid(eca31f31c914e0047af3e017ff06f9b7) Importer(815301076,1909f56bfc062723c751e8b465ee728b)
Start importing Assets/SimpleCollectiblesPack/Prefabs using Guid(eca31f31c914e0047af3e017ff06f9b7) Importer(815301076,1909f56bfc062723c751e8b465ee728b)  -> (artifact id: '6a3a1eb9f339a778a954cf6231167d02') in 0.004174 seconds 
========================================================================
Received Import Request.
  Time since last request: 0.211123 seconds.
  path: Assets/SimpleCollectiblesPack/Prefabs/BarsOfGold.prefab
  artifactKey: Guid(aa0b611ccd277dd4f9e8ea7b8240c179) Importer(815301076,1909f56bfc062723c751e8b465ee728b)
Start importing Assets/SimpleCollectiblesPack/Prefabs/BarsOfGold.prefab using Guid(aa0b611ccd277dd4f9e8ea7b8240c179) Importer(815301076,1909f56bfc062723c751e8b465ee728b)  -> (artifact id: '1792b2e3536cbde06b1016a482b4c9d2') in 0.078765 seconds 
========================================================================
Received Import Request.
  Time since last request: 0.000020 seconds.
  path: Assets/SimpleCollectiblesPack/Prefabs/Gun1.prefab
  artifactKey: Guid(59fd4762fc827164bb3eadbefb882946) Importer(815301076,1909f56bfc062723c751e8b465ee728b)
Start importing Assets/SimpleCollectiblesPack/Prefabs/Gun1.prefab using Guid(59fd4762fc827164bb3eadbefb882946) Importer(815301076,1909f56bfc062723c751e8b465ee728b)  -> (artifact id: 'b5e5e54e8d8217410bea628e9f1703a9') in 0.013325 seconds 
========================================================================
Received Import Request.
  Time since last request: 0.000020 seconds.
  path: Assets/SimpleCollectiblesPack/Prefabs/KeyGold.prefab
  artifactKey: Guid(cdc64358fb600b94c83082531a9b43af) Importer(815301076,1909f56bfc062723c751e8b465ee728b)
Start importing Assets/SimpleCollectiblesPack/Prefabs/KeyGold.prefab using Guid(cdc64358fb600b94c83082531a9b43af) Importer(815301076,1909f56bfc062723c751e8b465ee728b)  -> (artifact id: 'c73ab81f5a98291297e9f9c84a69d267') in 0.022398 seconds 
========================================================================
Received Import Request.
  Time since last request: 0.000040 seconds.
  path: Assets/SimpleCollectiblesPack/Prefabs/HealthPackRed.prefab
  artifactKey: Guid(a5ad3b53c234b9040b754b2c2c9d8fc6) Importer(815301076,1909f56bfc062723c751e8b465ee728b)
Start importing Assets/SimpleCollectiblesPack/Prefabs/HealthPackRed.prefab using Guid(a5ad3b53c234b9040b754b2c2c9d8fc6) Importer(815301076,1909f56bfc062723c751e8b465ee728b)  -> (artifact id: '35c4576b067b388c955d831d26af025a') in 0.012705 seconds 
========================================================================
Received Import Request.
  Time since last request: 0.000022 seconds.
  path: Assets/SimpleCollectiblesPack/Prefabs/NoteDoubleGold.prefab
  artifactKey: Guid(64aab82ac059b3b4e8c99af9d3bf4a26) Importer(815301076,1909f56bfc062723c751e8b465ee728b)
Start importing Assets/SimpleCollectiblesPack/Prefabs/NoteDoubleGold.prefab using Guid(64aab82ac059b3b4e8c99af9d3bf4a26) Importer(815301076,1909f56bfc062723c751e8b465ee728b)  -> (artifact id: 'dde013dfc82a311a2322c23176029d33') in 0.013643 seconds 
========================================================================
Received Import Request.
  Time since last request: 0.000019 seconds.
  path: Assets/SimpleCollectiblesPack/Prefabs/NoteSingleSilver 1.prefab
  artifactKey: Guid(bb5b02b10704e8e4786233513a233a0a) Importer(815301076,1909f56bfc062723c751e8b465ee728b)
Start importing Assets/SimpleCollectiblesPack/Prefabs/NoteSingleSilver 1.prefab using Guid(bb5b02b10704e8e4786233513a233a0a) Importer(815301076,1909f56bfc062723c751e8b465ee728b)  -> (artifact id: '209b3b3204a322669f87792e3eaa1e8b') in 0.011296 seconds 
========================================================================
Received Import Request.
  Time since last request: 0.000020 seconds.
  path: Assets/SimpleCollectiblesPack/Prefabs/NoteDoubleSilver.prefab
  artifactKey: Guid(20bf4e5832bca134cb9c385228c3fab4) Importer(815301076,1909f56bfc062723c751e8b465ee728b)
Start importing Assets/SimpleCollectiblesPack/Prefabs/NoteDoubleSilver.prefab using Guid(20bf4e5832bca134cb9c385228c3fab4) Importer(815301076,1909f56bfc062723c751e8b465ee728b)  -> (artifact id: 'e4015165689b98a9d7cb8eb839e78d3d') in 0.012353 seconds 
========================================================================
Received Import Request.
  Time since last request: 0.000017 seconds.
  path: Assets/SimpleCollectiblesPack/Prefabs/Heart.prefab
  artifactKey: Guid(0f6fbf6ba5b56aa4ba01adc51ab77ce6) Importer(815301076,1909f56bfc062723c751e8b465ee728b)
Start importing Assets/SimpleCollectiblesPack/Prefabs/Heart.prefab using Guid(0f6fbf6ba5b56aa4ba01adc51ab77ce6) Importer(815301076,1909f56bfc062723c751e8b465ee728b)  -> (artifact id: '4659dae223bf84ccfc0be13b90a050da') in 0.011555 seconds 
========================================================================
Received Import Request.
  Time since last request: 0.000018 seconds.
  path: Assets/SimpleCollectiblesPack/Prefabs/Ring.prefab
  artifactKey: Guid(a37573ad5d3fb7a47997aadbf0976202) Importer(815301076,1909f56bfc062723c751e8b465ee728b)
Start importing Assets/SimpleCollectiblesPack/Prefabs/Ring.prefab using Guid(a37573ad5d3fb7a47997aadbf0976202) Importer(815301076,1909f56bfc062723c751e8b465ee728b)  -> (artifact id: '103c16c07d2bfc53d1a246347eb57402') in 0.019729 seconds 
========================================================================
Received Import Request.
  Time since last request: 0.000017 seconds.
  path: Assets/SimpleCollectiblesPack/Prefabs/Shield.prefab
  artifactKey: Guid(9867510fa3e6d11479b56ff45cf8b2ca) Importer(815301076,1909f56bfc062723c751e8b465ee728b)
Start importing Assets/SimpleCollectiblesPack/Prefabs/Shield.prefab using Guid(9867510fa3e6d11479b56ff45cf8b2ca) Importer(815301076,1909f56bfc062723c751e8b465ee728b)  -> (artifact id: 'f308df697c8307eb2b189a06e31c852c') in 0.011600 seconds 
========================================================================
Received Import Request.
  Time since last request: 0.000019 seconds.
  path: Assets/SimpleCollectiblesPack/Prefabs/CollectEffectSample.prefab
  artifactKey: Guid(a45c51da10cf1a84abc6a99c06951e3f) Importer(815301076,1909f56bfc062723c751e8b465ee728b)
Start importing Assets/SimpleCollectiblesPack/Prefabs/CollectEffectSample.prefab using Guid(a45c51da10cf1a84abc6a99c06951e3f) Importer(815301076,1909f56bfc062723c751e8b465ee728b)  -> (artifact id: 'fe2f1222f07d454b350b3c7cb8b4d2b5') in 0.011815 seconds 
========================================================================
Received Import Request.
  Time since last request: 0.000018 seconds.
  path: Assets/SimpleCollectiblesPack/Prefabs/HealthPackGreen.prefab
  artifactKey: Guid(4c156eaa475a7c44aa3c826450245d6a) Importer(815301076,1909f56bfc062723c751e8b465ee728b)
Start importing Assets/SimpleCollectiblesPack/Prefabs/HealthPackGreen.prefab using Guid(4c156eaa475a7c44aa3c826450245d6a) Importer(815301076,1909f56bfc062723c751e8b465ee728b)  -> (artifact id: '3b441b09f0958c5622842133906a4d81') in 0.011616 seconds 
========================================================================
Received Import Request.
  Time since last request: 0.000020 seconds.
  path: Assets/SimpleCollectiblesPack/Prefabs/Bullet.prefab
  artifactKey: Guid(9568f15e6607c70469b5b2657c7cd0b3) Importer(815301076,1909f56bfc062723c751e8b465ee728b)
Start importing Assets/SimpleCollectiblesPack/Prefabs/Bullet.prefab using Guid(9568f15e6607c70469b5b2657c7cd0b3) Importer(815301076,1909f56bfc062723c751e8b465ee728b)  -> (artifact id: '438bc86388f0e9714ce4bfa51bdfa67d') in 0.010949 seconds 
========================================================================
Received Import Request.
  Time since last request: 53.218569 seconds.
  path: Assets/SimpleCollectiblesPack/Models
  artifactKey: Guid(2b6b11c6df495b94797de80e09c9affe) Importer(815301076,1909f56bfc062723c751e8b465ee728b)
Start importing Assets/SimpleCollectiblesPack/Models using Guid(2b6b11c6df495b94797de80e09c9affe) Importer(815301076,1909f56bfc062723c751e8b465ee728b)  -> (artifact id: '734880140c5a60b34c7eaaf5f5053463') in 0.004266 seconds 
========================================================================
Received Import Request.
  Time since last request: 0.074206 seconds.
  path: Assets/SimpleCollectiblesPack/Models/CollectiblesSet1.fbx
  artifactKey: Guid(e121965519da8964eb443caa891ca78c) Importer(815301076,1909f56bfc062723c751e8b465ee728b)
Start importing Assets/SimpleCollectiblesPack/Models/CollectiblesSet1.fbx using Guid(e121965519da8964eb443caa891ca78c) Importer(815301076,1909f56bfc062723c751e8b465ee728b)  -> (artifact id: 'd383bbf427da92a55de5f416b1e0d91f') in 0.139970 seconds 
========================================================================
Received Import Request.
  Time since last request: 10.973401 seconds.
  path: Assets/SimpleCollectiblesPack/Materials
  artifactKey: Guid(f7104b9aabc1efc44862eb00cf9c0547) Importer(815301076,1909f56bfc062723c751e8b465ee728b)
Start importing Assets/SimpleCollectiblesPack/Materials using Guid(f7104b9aabc1efc44862eb00cf9c0547) Importer(815301076,1909f56bfc062723c751e8b465ee728b)  -> (artifact id: 'b5951c6a32aacff6f7c101b9923d728d') in 0.004254 seconds 
========================================================================
Received Import Request.
  Time since last request: 0.068497 seconds.
  path: Assets/SimpleCollectiblesPack/Materials/Collectibles 1.mat
  artifactKey: Guid(9bee1ece51592f843996472527e9e1bc) Importer(815301076,1909f56bfc062723c751e8b465ee728b)
Start importing Assets/SimpleCollectiblesPack/Materials/Collectibles 1.mat using Guid(9bee1ece51592f843996472527e9e1bc) Importer(815301076,1909f56bfc062723c751e8b465ee728b)  -> (artifact id: 'fef30311fdd4dbd8a07550ac96b9a96d') in 0.056135 seconds 
========================================================================
Received Import Request.
  Time since last request: 4.753370 seconds.
  path: Assets/SimpleCollectiblesPack/Textures
  artifactKey: Guid(ab3493d62e1fb85458b7be11a65d4ba2) Importer(815301076,1909f56bfc062723c751e8b465ee728b)
Start importing Assets/SimpleCollectiblesPack/Textures using Guid(ab3493d62e1fb85458b7be11a65d4ba2) Importer(815301076,1909f56bfc062723c751e8b465ee728b)  -> (artifact id: 'b9f5e7b4061e94082156430903f92766') in 0.004463 seconds 
========================================================================
Received Import Request.
  Time since last request: 0.046083 seconds.
  path: Assets/SimpleCollectiblesPack/Textures/Collectibles 1.png
  artifactKey: Guid(18caac7b76c3dc74ca374e998b3b6da9) Importer(815301076,1909f56bfc062723c751e8b465ee728b)
Start importing Assets/SimpleCollectiblesPack/Textures/Collectibles 1.png using Guid(18caac7b76c3dc74ca374e998b3b6da9) Importer(815301076,1909f56bfc062723c751e8b465ee728b)  -> (artifact id: 'b80ae890f91a20fcf15d49e418df90e1') in 0.047970 seconds 
========================================================================
Received Import Request.
  Time since last request: 6.540141 seconds.
  path: Assets/SimpleCollectiblesPack/Prefabs/Gems
  artifactKey: Guid(0225b01194a2b874aab88b157a916847) Importer(815301076,1909f56bfc062723c751e8b465ee728b)
Start importing Assets/SimpleCollectiblesPack/Prefabs/Gems using Guid(0225b01194a2b874aab88b157a916847) Importer(815301076,1909f56bfc062723c751e8b465ee728b)  -> (artifact id: '69f553dc275eaa5c07e9df50c9a8c061') in 0.004453 seconds 
========================================================================
Received Import Request.
  Time since last request: 0.533020 seconds.
  path: Assets/SimpleCollectiblesPack/Prefabs/Gems/Gem1Blue.prefab
  artifactKey: Guid(32923e0a5e036d04fa9be7ef9cc548e4) Importer(815301076,1909f56bfc062723c751e8b465ee728b)
Start importing Assets/SimpleCollectiblesPack/Prefabs/Gems/Gem1Blue.prefab using Guid(32923e0a5e036d04fa9be7ef9cc548e4) Importer(815301076,1909f56bfc062723c751e8b465ee728b)  -> (artifact id: '624503b695854432f21b1815d5857c6f') in 0.012780 seconds 
========================================================================
Received Import Request.
  Time since last request: 0.000022 seconds.
  path: Assets/SimpleCollectiblesPack/Prefabs/Gems/Gem2Green.prefab
  artifactKey: Guid(cf80b8a50d670a242a669dd5146c189a) Importer(815301076,1909f56bfc062723c751e8b465ee728b)
Start importing Assets/SimpleCollectiblesPack/Prefabs/Gems/Gem2Green.prefab using Guid(cf80b8a50d670a242a669dd5146c189a) Importer(815301076,1909f56bfc062723c751e8b465ee728b)  -> (artifact id: 'c877027798f13db1ac3733cb2b0138cd') in 0.012341 seconds 
========================================================================
Received Prepare
Registering precompiled user dll's ...
Registered in 0.003937 seconds.
Begin MonoManager ReloadAssembly
Symbol file LoadedFromMemory doesn't match image D:\Uni\GAD181\22T3_GAD181.2_Samantha_Murphy\GAD181.2_Samantha_Murphy\Library\PackageCache\com.unity.visualscripting@1.7.8\Editor\VisualScripting.Core\Dependencies\YamlDotNet\Unity.VisualScripting.YamlDotNet.dll
Symbol file LoadedFromMemory doesn't match image D:\Uni\GAD181\22T3_GAD181.2_Samantha_Murphy\GAD181.2_Samantha_Murphy\Library\PackageCache\com.unity.visualscripting@1.7.8\Editor\VisualScripting.Core\Dependencies\DotNetZip\Unity.VisualScripting.IonicZip.dll
Native extension for WindowsStandalone target not found
Native extension for WebGL target not found
Refreshing native plugins compatible for Editor in 1.30 ms, found 3 plugins.
Preloading 0 native plugins for Editor in 0.00 ms.
Mono: successfully reloaded assembly
- Completed reload, in  1.079 seconds
Domain Reload Profiling:
	ReloadAssembly (1079ms)
		BeginReloadAssembly (124ms)
			ExecutionOrderSort (0ms)
			DisableScriptedObjects (4ms)
			BackupInstance (0ms)
			ReleaseScriptingObjects (0ms)
			CreateAndSetChildDomain (38ms)
		EndReloadAssembly (874ms)
			LoadAssemblies (82ms)
			RebuildTransferFunctionScriptingTraits (0ms)
			SetupTypeCache (260ms)
			ReleaseScriptCaches (1ms)
			RebuildScriptCaches (46ms)
			SetupLoadedEditorAssemblies (433ms)
				LogAssemblyErrors (0ms)
				InitializePlatformSupportModulesInManaged (13ms)
				SetLoadedEditorAssemblies (1ms)
				RefreshPlugins (1ms)
				BeforeProcessingInitializeOnLoad (69ms)
				ProcessInitializeOnLoadAttributes (299ms)
				ProcessInitializeOnLoadMethodAttributes (46ms)
				AfterProcessingInitializeOnLoad (3ms)
				EditorAssembliesLoaded (0ms)
			ExecutionOrderSort2 (0ms)
			AwakeInstancesAfterBackupRestoration (10ms)
Platform modules already initialized, skipping
Refreshing native plugins compatible for Editor in 2.32 ms, found 3 plugins.
Preloading 0 native plugins for Editor in 0.00 ms.
Unloading 3903 Unused Serialized files (Serialized files now loaded: 0)
Unloading 25 unused Assets / (150.6 KB). Loaded Objects now: 4489.
Memory consumption went from 144.3 MB to 144.2 MB.
Total: 3.363700 ms (FindLiveObjects: 0.350000 ms CreateObjectMapping: 0.089700 ms MarkObjects: 2.784300 ms  DeleteObjects: 0.138800 ms)

AssetImportParameters requested are different than current active one (requested -> active):
  custom:video-decoder-ogg-theora: a1e56fd34408186e4bbccfd4996cb3dc -> 
  custom:container-muxer-webm: aa71ff27fc2769a1b78a27578f13a17b -> 
  custom:container-demuxer-webm: 4f35f7cbe854078d1ac9338744f61a02 -> 
  custom:video-encoder-webm-vp8: eb34c28f22e8b96e1ab97ce403110664 -> 
  custom:video-codec-MediaFoundation-h265: e54d7ab0439102e2317fc1e4b246158d -> 
  custom:audio-encoder-webm-vorbis: bf7c407c2cedff20999df2af8eb42d56 -> 
  custom:framework-win-MediaFoundation: 216162199b28c13a410421893ffa2e32 -> 
  custom:container-demuxer-ogg: 62fdf1f143b41e24485cea50d1cbac27 -> 
  custom:video-decoder-webm-vp8: 9c59270c3fd7afecdb556c50c9e8de78 -> 
  custom:audio-decoder-ogg-vorbis: bf7c407c2cedff20999df2af8eb42d56 -> 
Editor requested this worker to shutdown with reason: Scaling down because of idle timeout
AssetImportWorker is now disconnected from the server
Process exiting
Exiting without the bug reporter. Application will terminate with return code 0